0 info it worked if it ends with ok
1 verbose cli [ 'C:\\Program Files\\nodejs\\node.exe',
1 verbose cli   'C:\\Program Files\\nodejs\\node_modules\\npm\\bin\\npm-cli.js',
1 verbose cli   'publish' ]
2 info using npm@3.10.10
3 info using node@v6.11.2
4 verbose publish [ '.' ]
5 silly cache add args [ '.', null ]
6 verbose cache add spec .
7 silly cache add parsed spec Result {
7 silly cache add   raw: '.',
7 silly cache add   scope: null,
7 silly cache add   escapedName: null,
7 silly cache add   name: null,
7 silly cache add   rawSpec: '.',
7 silly cache add   spec: 'D:\\programowanie\\jquery\\PostJSON',
7 silly cache add   type: 'directory' }
8 verbose addLocalDirectory C:\Users\damia\AppData\Roaming\npm-cache\post-json-for-jquery\0.9.0\package.tgz not in flight; packing
9 verbose correctMkdir C:\Users\damia\AppData\Roaming\npm-cache correctMkdir not in flight; initializing
10 info lifecycle post-json-for-jquery@0.9.0~prepublish: post-json-for-jquery@0.9.0
11 silly lifecycle post-json-for-jquery@0.9.0~prepublish: no script for prepublish, continuing
12 verbose tar pack [ 'C:\\Users\\damia\\AppData\\Roaming\\npm-cache\\post-json-for-jquery\\0.9.0\\package.tgz',
12 verbose tar pack   'D:\\programowanie\\jquery\\PostJSON' ]
13 verbose tarball C:\Users\damia\AppData\Roaming\npm-cache\post-json-for-jquery\0.9.0\package.tgz
14 verbose folder D:\programowanie\jquery\PostJSON
15 verbose addLocalTarball adding from inside cache C:\Users\damia\AppData\Roaming\npm-cache\post-json-for-jquery\0.9.0\package.tgz
16 verbose correctMkdir C:\Users\damia\AppData\Roaming\npm-cache correctMkdir not in flight; initializing
17 silly cache afterAdd post-json-for-jquery@0.9.0
18 verbose afterAdd C:\Users\damia\AppData\Roaming\npm-cache\post-json-for-jquery\0.9.0\package\package.json not in flight; writing
19 verbose correctMkdir C:\Users\damia\AppData\Roaming\npm-cache correctMkdir not in flight; initializing
20 verbose afterAdd C:\Users\damia\AppData\Roaming\npm-cache\post-json-for-jquery\0.9.0\package\package.json written
21 silly publish { name: 'post-json-for-jquery',
21 silly publish   version: '0.9.0',
21 silly publish   description: 'Equivalent of $.getJson but using POST request.',
21 silly publish   main: 'jquery.postJson.js',
21 silly publish   scripts: { test: 'echo "Error: no test specified" && exit 1' },
21 silly publish   repository:
21 silly publish    { type: 'git',
21 silly publish      url: 'git+https://github.com/shoter/postJsonForJquery.git' },
21 silly publish   peerDependencies: { jquery: '>=1.6.0' },
21 silly publish   keywords: [ 'jquery', 'post', 'json', 'request', 'ajax' ],
21 silly publish   author: { name: 'Shoter' },
21 silly publish   license: 'MIT',
21 silly publish   bugs: { url: 'https://github.com/shoter/postJsonForJquery/issues' },
21 silly publish   homepage: 'https://github.com/shoter/postJsonForJquery#readme',
21 silly publish   readme: '# jQuery.postJSON()\r\n**Description**: Load JSON-encoded data from the server using a GET HTTP request.\r\n\r\n### jQuery.getJSON( url [, data ] [, success ] )\r\n\r\n**url**  \r\nType: String  \r\nA string containing the URL to which the request is sent.\r\n\r\n**data**  \r\nType: PlainObject or String  \r\nA plain object or string that is sent to the server with the request.\r\n\r\n**success**  \r\nType: Function( PlainObject data, String textStatus, jqXHR jqXHR )  \r\nA callback function that is executed if the request succeeds.\r\n\r\nThis is a shorthand Ajax function, which is equivalent to:\r\n```javascript\r\n$.ajax({\r\n  dataType: "json",\r\n  url: url,\r\n  data: data,\r\n  success: success\r\n});\r\n```\r\n\r\nIt is very similar to $.getJSON with only diffrence that it is sending POST request. You can check documenation for $.getJSON [[here]](http://api.jquery.com/jquery.getjson/).',
21 silly publish   readmeFilename: 'README.md',
21 silly publish   gitHead: '43c9719cb51c79d968109a567dd2ebd176ba2341',
21 silly publish   _id: 'post-json-for-jquery@0.9.0',
21 silly publish   _shasum: '5d77780d798d55492cd4071c8010d7e605f8d3b9',
21 silly publish   _from: '.' }
22 verbose getPublishConfig undefined
23 silly mapToRegistry name post-json-for-jquery
24 silly mapToRegistry using default registry
25 silly mapToRegistry registry https://registry.npmjs.org/
26 silly mapToRegistry data Result {
26 silly mapToRegistry   raw: 'post-json-for-jquery',
26 silly mapToRegistry   scope: null,
26 silly mapToRegistry   escapedName: 'post-json-for-jquery',
26 silly mapToRegistry   name: 'post-json-for-jquery',
26 silly mapToRegistry   rawSpec: '',
26 silly mapToRegistry   spec: 'latest',
26 silly mapToRegistry   type: 'tag' }
27 silly mapToRegistry uri https://registry.npmjs.org/post-json-for-jquery
28 verbose publish registryBase https://registry.npmjs.org/
29 silly publish uploading C:\Users\damia\AppData\Roaming\npm-cache\post-json-for-jquery\0.9.0\package.tgz
30 verbose request uri https://registry.npmjs.org/post-json-for-jquery
31 verbose request sending authorization for write operation
32 info attempt registry request try #1 at 11:52:27 PM
33 verbose request using bearer token for auth
34 verbose request id 43ce2c4fef6b9a57
35 http request PUT https://registry.npmjs.org/post-json-for-jquery
36 http 403 https://registry.npmjs.org/post-json-for-jquery
37 verbose headers { 'content-type': 'application/json',
37 verbose headers   'cache-control': 'max-age=300',
37 verbose headers   'content-length': '91',
37 verbose headers   'accept-ranges': 'bytes',
37 verbose headers   date: 'Thu, 14 Sep 2017 21:52:29 GMT',
37 verbose headers   via: '1.1 varnish',
37 verbose headers   connection: 'keep-alive',
37 verbose headers   'x-served-by': 'cache-hhn1525-HHN',
37 verbose headers   'x-cache': 'MISS',
37 verbose headers   'x-cache-hits': '0',
37 verbose headers   'x-timer': 'S1505425948.346503,VS0,VE733',
37 verbose headers   vary: 'Accept-Encoding, Accept' }
38 verbose request invalidating C:\Users\damia\AppData\Roaming\npm-cache\registry.npmjs.org\post-json-for-jquery on PUT
39 error publish Failed PUT 403
40 verbose stack Error: You cannot publish over the previously published version 0.9.0. : post-json-for-jquery
40 verbose stack     at makeError (C:\Program Files\nodejs\node_modules\npm\node_modules\npm-registry-client\lib\request.js:302:12)
40 verbose stack     at CachingRegistryClient.<anonymous> (C:\Program Files\nodejs\node_modules\npm\node_modules\npm-registry-client\lib\request.js:290:14)
40 verbose stack     at Request._callback (C:\Program Files\nodejs\node_modules\npm\node_modules\npm-registry-client\lib\request.js:210:14)
40 verbose stack     at Request.self.callback (C:\Program Files\nodejs\node_modules\npm\node_modules\request\request.js:187:22)
40 verbose stack     at emitTwo (events.js:106:13)
40 verbose stack     at Request.emit (events.js:191:7)
40 verbose stack     at Request.<anonymous> (C:\Program Files\nodejs\node_modules\npm\node_modules\request\request.js:1048:10)
40 verbose stack     at emitOne (events.js:96:13)
40 verbose stack     at Request.emit (events.js:188:7)
40 verbose stack     at IncomingMessage.<anonymous> (C:\Program Files\nodejs\node_modules\npm\node_modules\request\request.js:969:12)
41 verbose statusCode 403
42 verbose pkgid post-json-for-jquery
43 verbose cwd D:\programowanie\jquery\PostJSON
44 error Windows_NT 10.0.15063
45 error argv "C:\\Program Files\\nodejs\\node.exe" "C:\\Program Files\\nodejs\\node_modules\\npm\\bin\\npm-cli.js" "publish"
46 error node v6.11.2
47 error npm  v3.10.10
48 error code E403
49 error You cannot publish over the previously published version 0.9.0. : post-json-for-jquery
50 error If you need help, you may report this error at:
50 error     <https://github.com/npm/npm/issues>
51 verbose exit [ 1, true ]
